Terminals which are not used

   ABSTRACTO
   AND_ASIG
   CADENA
   CARACTER
   CLASE
   COMO
   CONSTANTES
   DE
   DEFECTO
   DIV_ASIG
   EJECUTA
   ENCAMBIO
   ENTERO
   ENUMERACION
   ES
   ESCAPE
   ESPECIFICO
   ESTRUCTURA
   ETIQUETA
   EXCEPCION
   FD_ASIG
   FI_ASIG
   FICHERO
   FINAL
   FUNCION
   GENERICO
   HACER
   HASH
   IMPORTAR
   INDIRECCION
   LANZA
   MOD_ASIG
   MULT_ASIG
   NADA
   OTRA
   OR_ASIG
   POT_ASIG
   PRIVADO
   PROGRAMA
   PROTEGIDO
   PUBLICO
   REAL
   RESTA_ASIG
   SUMA_ASIG
   TABLA
   TIPOS
   ULTIMA
   UNION
   VARIABLES
   XOR_ASIG


State 30 conflicts: 1 shift/reduce
State 36 conflicts: 1 shift/reduce
State 48 conflicts: 1 shift/reduce


Grammar

    0 $accept: programa $end

    1 programa: PRINCIPIO lista_instrucciones FIN

    2 expresion_constante: CTC_ENTERA
    3                    | CTC_REAL
    4                    | CTC_CADENA
    5                    | CTC_CARACTER

    6 nombre: IDENTIFICADOR
    7       | nombre PTOS IDENTIFICADOR

    8 expresion_basica: nombre
    9                 | '(' expresion ')'
   10                 | '^' expresion_basica
   11                 | REF expresion_basica

   12 indice: '[' expresion ']'
   13       | '{' expresion '}'

   14 expresion_indexada: expresion_basica
   15                   | expresion_indexada '?' expresion_basica
   16                   | expresion_indexada '^' '?' expresion_basica
   17                   | expresion_indexada indice
   18                   | expresion_indexada '^' '?' indice

   19 expresion_funcional: IDENTIFICADOR '(' lista_expresiones ')'

   20 lista_expresiones: expresion
   21                  | lista_expresiones ';' expresion

   22 primario: expresion_constante
   23         | expresion_indexada
   24         | expresion_funcional

   25 expresion_unaria: primario
   26                 | '-' primario
   27                 | '!' primario
   28                 | '~' primario
   29                 | TAMANO primario

   30 expresion_potencia: expresion_unaria
   31                   | expresion_unaria POTENCIA expresion_potencia

   32 expresion_mult: expresion_mult '*' expresion_potencia
   33               | expresion_mult '/' expresion_potencia
   34               | expresion_mult MOD expresion_potencia
   35               | expresion_potencia

   36 expresion_add: expresion_add '+' expresion_mult
   37              | expresion_add '-' expresion_mult
   38              | expresion_mult

   39 expresion_desplazamiento: expresion_desplazamiento FLECHA_IZDA expresion_add
   40                         | expresion_desplazamiento FLECHA_DCHA expresion_add
   41                         | expresion_add

   42 expresion_bits: expresion_bits '&' expresion_desplazamiento
   43               | expresion_bits '@' expresion_desplazamiento
   44               | expresion_bits '|' expresion_desplazamiento
   45               | expresion_desplazamiento

   46 expresion_relacional: expresion_bits '<' expresion_bits
   47                     | expresion_bits '>' expresion_bits
   48                     | expresion_bits LE expresion_bits
   49                     | expresion_bits GE expresion_bits
   50                     | expresion_bits EQ expresion_bits
   51                     | expresion_bits NEQ expresion_bits
   52                     | expresion_bits

   53 expresion_and: expresion_and AND expresion_relacional
   54              | expresion_relacional

   55 expresion_or: expresion_or OR expresion_and
   56             | expresion_and

   57 expresion_logica: expresion_or

   58 expresion: expresion_logica
   59          | expresion_logica SI expresion SINO expresion
   60          | expresion_logica PARA CADA IDENTIFICADOR EN expresion

   61 lista_instrucciones: instruccion
   62                    | lista_instrucciones instruccion

   63 instruccion: asignacion
   64            | instruccion_condicional
   65            | instruccion_bucle
   66            | instruccion_de_salto
   67            | instruccion_constructor
   68            | instruccion_destructor

   69 asignacion: expresion_indexada ASIG expresion

   70 instruccion_condicional: SI expresion instruccion SINO instruccion

   71 instruccion_bucle: MIENTRAS expresion instruccion

   72 instruccion_de_salto: CONTINUAR
   73                     | SALTAR
   74                     | DEVOLVER expresion

   75 instruccion_constructor: CONSTRUCTOR expresion

   76 instruccion_destructor: DESTRUCTOR expresion


Terminals, with rules where they appear

$end (0) 0
'!' (33) 27
'&' (38) 42
'(' (40) 9 19
')' (41) 9 19
'*' (42) 32
'+' (43) 36
'-' (45) 26 37
'/' (47) 33
';' (59) 21
'<' (60) 46
'>' (62) 47
'?' (63) 15 16 18
'@' (64) 43
'[' (91) 12
']' (93) 12
'^' (94) 10 16 18
'{' (123) 13
'|' (124) 44
'}' (125) 13
'~' (126) 28
error (256)
ABSTRACTO (258)
AND (259) 53
ASIG (260) 69
AND_ASIG (261)
CADA (262) 60
CADENA (263)
CARACTER (264)
CLASE (265)
COMO (266)
CONSTANTES (267)
CONSTRUCTOR (268) 75
CONTINUAR (269) 72
CTC_CADENA (270) 4
CTC_CARACTER (271) 5
CTC_ENTERA (272) 2
CTC_REAL (273) 3
DE (274)
DEFECTO (275)
DESTRUCTOR (276) 76
DEVOLVER (277) 74
DIV_ASIG (278)
EJECUTA (279)
ENCAMBIO (280)
ENTERO (281)
ENUMERACION (282)
EQ (283) 50
EN (284) 60
ES (285)
ESCAPE (286)
ESPECIFICO (287)
ESTRUCTURA (288)
ETIQUETA (289)
EXCEPCION (290)
FD_ASIG (291)
FI_ASIG (292)
FICHERO (293)
FIN (294) 1
FINAL (295)
FLECHA_DCHA (296) 40
FLECHA_IZDA (297) 39
FUNCION (298)
GENERICO (299)
HACER (300)
HASH (301)
GE (302) 49
IDENTIFICADOR (303) 6 7 19 60
IMPORTAR (304)
INDIRECCION (305)
LANZA (306)
LE (307) 48
MIENTRAS (308) 71
MOD (309) 34
MOD_ASIG (310)
MULT_ASIG (311)
NADA (312)
NEQ (313) 51
OR (314) 55
OTRA (315)
OR_ASIG (316)
PARA (317) 60
POT_ASIG (318)
POTENCIA (319) 31
PRINCIPIO (320) 1
PRIVADO (321)
PROGRAMA (322)
PROTEGIDO (323)
PTOS (324) 7
PUBLICO (325)
REAL (326)
REF (327) 11
RESTA_ASIG (328)
SALTAR (329) 73
SI (330) 59 70
SINO (331) 59 70
SUMA_ASIG (332)
TAMANO (333) 29
TABLA (334)
TIPOS (335)
ULTIMA (336)
UNION (337)
VARIABLES (338)
XOR_ASIG (339)


Nonterminals, with rules where they appear

$accept (105)
    on left: 0
programa (106)
    on left: 1, on right: 0
expresion_constante (107)
    on left: 2 3 4 5, on right: 22
nombre (108)
    on left: 6 7, on right: 7 8
expresion_basica (109)
    on left: 8 9 10 11, on right: 10 11 14 15 16
indice (110)
    on left: 12 13, on right: 17 18
expresion_indexada (111)
    on left: 14 15 16 17 18, on right: 15 16 17 18 23 69
expresion_funcional (112)
    on left: 19, on right: 24
lista_expresiones (113)
    on left: 20 21, on right: 19 21
primario (114)
    on left: 22 23 24, on right: 25 26 27 28 29
expresion_unaria (115)
    on left: 25 26 27 28 29, on right: 30 31
expresion_potencia (116)
    on left: 30 31, on right: 31 32 33 34 35
expresion_mult (117)
    on left: 32 33 34 35, on right: 32 33 34 36 37 38
expresion_add (118)
    on left: 36 37 38, on right: 36 37 39 40 41
expresion_desplazamiento (119)
    on left: 39 40 41, on right: 39 40 42 43 44 45
expresion_bits (120)
    on left: 42 43 44 45, on right: 42 43 44 46 47 48 49 50 51 52
expresion_relacional (121)
    on left: 46 47 48 49 50 51 52, on right: 53 54
expresion_and (122)
    on left: 53 54, on right: 53 55 56
expresion_or (123)
    on left: 55 56, on right: 55 57
expresion_logica (124)
    on left: 57, on right: 58 59 60
expresion (125)
    on left: 58 59 60, on right: 9 12 13 20 21 59 60 69 70 71 74 75
    76
lista_instrucciones (126)
    on left: 61 62, on right: 1 62
instruccion (127)
    on left: 63 64 65 66 67 68, on right: 61 62 70 71
asignacion (128)
    on left: 69, on right: 63
instruccion_condicional (129)
    on left: 70, on right: 64
instruccion_bucle (130)
    on left: 71, on right: 65
instruccion_de_salto (131)
    on left: 72 73 74, on right: 66
instruccion_constructor (132)
    on left: 75, on right: 67
instruccion_destructor (133)
    on left: 76, on right: 68


state 0

    0 $accept: . programa $end

    PRINCIPIO  shift, and go to state 1

    programa  go to state 2


state 1

    1 programa: PRINCIPIO . lista_instrucciones FIN

    CONSTRUCTOR    shift, and go to state 3
    CONTINUAR      shift, and go to state 4
    DESTRUCTOR     shift, and go to state 5
    DEVOLVER       shift, and go to state 6
    IDENTIFICADOR  shift, and go to state 7
    MIENTRAS       shift, and go to state 8
    REF            shift, and go to state 9
    SALTAR         shift, and go to state 10
    SI             shift, and go to state 11
    '('            shift, and go to state 12
    '^'            shift, and go to state 13

    nombre                   go to state 14
    expresion_basica         go to state 15
    expresion_indexada       go to state 16
    lista_instrucciones      go to state 17
    instruccion              go to state 18
    asignacion               go to state 19
    instruccion_condicional  go to state 20
    instruccion_bucle        go to state 21
    instruccion_de_salto     go to state 22
    instruccion_constructor  go to state 23
    instruccion_destructor   go to state 24


state 2

    0 $accept: programa . $end

    $end  shift, and go to state 25


state 3

   75 instruccion_constructor: CONSTRUCTOR . expresion

    CTC_CADENA     shift, and go to state 26
    CTC_CARACTER   shift, and go to state 27
    CTC_ENTERA     shift, and go to state 28
    CTC_REAL       shift, and go to state 29
    IDENTIFICADOR  shift, and go to state 30
    REF            shift, and go to state 9
    TAMANO         shift, and go to state 31
    '('            shift, and go to state 12
    '^'            shift, and go to state 13
    '-'            shift, and go to state 32
    '!'            shift, and go to state 33
    '~'            shift, and go to state 34

    expresion_constante       go to state 35
    nombre                    go to state 14
    expresion_basica          go to state 15
    expresion_indexada        go to state 36
    expresion_funcional       go to state 37
    primario                  go to state 38
    expresion_unaria          go to state 39
    expresion_potencia        go to state 40
    expresion_mult            go to state 41
    expresion_add             go to state 42
    expresion_desplazamiento  go to state 43
    expresion_bits            go to state 44
    expresion_relacional      go to state 45
    expresion_and             go to state 46
    expresion_or              go to state 47
    expresion_logica          go to state 48
    expresion                 go to state 49


state 4

   72 instruccion_de_salto: CONTINUAR .

    $default  reduce using rule 72 (instruccion_de_salto)


state 5

   76 instruccion_destructor: DESTRUCTOR . expresion

    CTC_CADENA     shift, and go to state 26
    CTC_CARACTER   shift, and go to state 27
    CTC_ENTERA     shift, and go to state 28
    CTC_REAL       shift, and go to state 29
    IDENTIFICADOR  shift, and go to state 30
    REF            shift, and go to state 9
    TAMANO         shift, and go to state 31
    '('            shift, and go to state 12
    '^'            shift, and go to state 13
    '-'            shift, and go to state 32
    '!'            shift, and go to state 33
    '~'            shift, and go to state 34

    expresion_constante       go to state 35
    nombre                    go to state 14
    expresion_basica          go to state 15
    expresion_indexada        go to state 36
    expresion_funcional       go to state 37
    primario                  go to state 38
    expresion_unaria          go to state 39
    expresion_potencia        go to state 40
    expresion_mult            go to state 41
    expresion_add             go to state 42
    expresion_desplazamiento  go to state 43
    expresion_bits            go to state 44
    expresion_relacional      go to state 45
    expresion_and             go to state 46
    expresion_or              go to state 47
    expresion_logica          go to state 48
    expresion                 go to state 50


state 6

   74 instruccion_de_salto: DEVOLVER . expresion

    CTC_CADENA     shift, and go to state 26
    CTC_CARACTER   shift, and go to state 27
    CTC_ENTERA     shift, and go to state 28
    CTC_REAL       shift, and go to state 29
    IDENTIFICADOR  shift, and go to state 30
    REF            shift, and go to state 9
    TAMANO         shift, and go to state 31
    '('            shift, and go to state 12
    '^'            shift, and go to state 13
    '-'            shift, and go to state 32
    '!'            shift, and go to state 33
    '~'            shift, and go to state 34

    expresion_constante       go to state 35
    nombre                    go to state 14
    expresion_basica          go to state 15
    expresion_indexada        go to state 36
    expresion_funcional       go to state 37
    primario                  go to state 38
    expresion_unaria          go to state 39
    expresion_potencia        go to state 40
    expresion_mult            go to state 41
    expresion_add             go to state 42
    expresion_desplazamiento  go to state 43
    expresion_bits            go to state 44
    expresion_relacional      go to state 45
    expresion_and             go to state 46
    expresion_or              go to state 47
    expresion_logica          go to state 48
    expresion                 go to state 51


state 7

    6 nombre: IDENTIFICADOR .

    $default  reduce using rule 6 (nombre)


state 8

   71 instruccion_bucle: MIENTRAS . expresion instruccion

    CTC_CADENA     shift, and go to state 26
    CTC_CARACTER   shift, and go to state 27
    CTC_ENTERA     shift, and go to state 28
    CTC_REAL       shift, and go to state 29
    IDENTIFICADOR  shift, and go to state 30
    REF            shift, and go to state 9
    TAMANO         shift, and go to state 31
    '('            shift, and go to state 12
    '^'            shift, and go to state 13
    '-'            shift, and go to state 32
    '!'            shift, and go to state 33
    '~'            shift, and go to state 34

    expresion_constante       go to state 35
    nombre                    go to state 14
    expresion_basica          go to state 15
    expresion_indexada        go to state 36
    expresion_funcional       go to state 37
    primario                  go to state 38
    expresion_unaria          go to state 39
    expresion_potencia        go to state 40
    expresion_mult            go to state 41
    expresion_add             go to state 42
    expresion_desplazamiento  go to state 43
    expresion_bits            go to state 44
    expresion_relacional      go to state 45
    expresion_and             go to state 46
    expresion_or              go to state 47
    expresion_logica          go to state 48
    expresion                 go to state 52


state 9

   11 expresion_basica: REF . expresion_basica

    IDENTIFICADOR  shift, and go to state 7
    REF            shift, and go to state 9
    '('            shift, and go to state 12
    '^'            shift, and go to state 13

    nombre            go to state 14
    expresion_basica  go to state 53


state 10

   73 instruccion_de_salto: SALTAR .

    $default  reduce using rule 73 (instruccion_de_salto)


state 11

   70 instruccion_condicional: SI . expresion instruccion SINO instruccion

    CTC_CADENA     shift, and go to state 26
    CTC_CARACTER   shift, and go to state 27
    CTC_ENTERA     shift, and go to state 28
    CTC_REAL       shift, and go to state 29
    IDENTIFICADOR  shift, and go to state 30
    REF            shift, and go to state 9
    TAMANO         shift, and go to state 31
    '('            shift, and go to state 12
    '^'            shift, and go to state 13
    '-'            shift, and go to state 32
    '!'            shift, and go to state 33
    '~'            shift, and go to state 34

    expresion_constante       go to state 35
    nombre                    go to state 14
    expresion_basica          go to state 15
    expresion_indexada        go to state 36
    expresion_funcional       go to state 37
    primario                  go to state 38
    expresion_unaria          go to state 39
    expresion_potencia        go to state 40
    expresion_mult            go to state 41
    expresion_add             go to state 42
    expresion_desplazamiento  go to state 43
    expresion_bits            go to state 44
    expresion_relacional      go to state 45
    expresion_and             go to state 46
    expresion_or              go to state 47
    expresion_logica          go to state 48
    expresion                 go to state 54


state 12

    9 expresion_basica: '(' . expresion ')'

    CTC_CADENA     shift, and go to state 26
    CTC_CARACTER   shift, and go to state 27
    CTC_ENTERA     shift, and go to state 28
    CTC_REAL       shift, and go to state 29
    IDENTIFICADOR  shift, and go to state 30
    REF            shift, and go to state 9
    TAMANO         shift, and go to state 31
    '('            shift, and go to state 12
    '^'            shift, and go to state 13
    '-'            shift, and go to state 32
    '!'            shift, and go to state 33
    '~'            shift, and go to state 34

    expresion_constante       go to state 35
    nombre                    go to state 14
    expresion_basica          go to state 15
    expresion_indexada        go to state 36
    expresion_funcional       go to state 37
    primario                  go to state 38
    expresion_unaria          go to state 39
    expresion_potencia        go to state 40
    expresion_mult            go to state 41
    expresion_add             go to state 42
    expresion_desplazamiento  go to state 43
    expresion_bits            go to state 44
    expresion_relacional      go to state 45
    expresion_and             go to state 46
    expresion_or              go to state 47
    expresion_logica          go to state 48
    expresion                 go to state 55


state 13

   10 expresion_basica: '^' . expresion_basica

    IDENTIFICADOR  shift, and go to state 7
    REF            shift, and go to state 9
    '('            shift, and go to state 12
    '^'            shift, and go to state 13

    nombre            go to state 14
    expresion_basica  go to state 56


state 14

    7 nombre: nombre . PTOS IDENTIFICADOR
    8 expresion_basica: nombre .

    PTOS  shift, and go to state 57

    $default  reduce using rule 8 (expresion_basica)


state 15

   14 expresion_indexada: expresion_basica .

    $default  reduce using rule 14 (expresion_indexada)


state 16

   15 expresion_indexada: expresion_indexada . '?' expresion_basica
   16                   | expresion_indexada . '^' '?' expresion_basica
   17                   | expresion_indexada . indice
   18                   | expresion_indexada . '^' '?' indice
   69 asignacion: expresion_indexada . ASIG expresion

    ASIG  shift, and go to state 58
    '^'   shift, and go to state 59
    '['   shift, and go to state 60
    '{'   shift, and go to state 61
    '?'   shift, and go to state 62

    indice  go to state 63


state 17

    1 programa: PRINCIPIO lista_instrucciones . FIN
   62 lista_instrucciones: lista_instrucciones . instruccion

    CONSTRUCTOR    shift, and go to state 3
    CONTINUAR      shift, and go to state 4
    DESTRUCTOR     shift, and go to state 5
    DEVOLVER       shift, and go to state 6
    FIN            shift, and go to state 64
    IDENTIFICADOR  shift, and go to state 7
    MIENTRAS       shift, and go to state 8
    REF            shift, and go to state 9
    SALTAR         shift, and go to state 10
    SI             shift, and go to state 11
    '('            shift, and go to state 12
    '^'            shift, and go to state 13

    nombre                   go to state 14
    expresion_basica         go to state 15
    expresion_indexada       go to state 16
    instruccion              go to state 65
    asignacion               go to state 19
    instruccion_condicional  go to state 20
    instruccion_bucle        go to state 21
    instruccion_de_salto     go to state 22
    instruccion_constructor  go to state 23
    instruccion_destructor   go to state 24


state 18

   61 lista_instrucciones: instruccion .

    $default  reduce using rule 61 (lista_instrucciones)


state 19

   63 instruccion: asignacion .

    $default  reduce using rule 63 (instruccion)


state 20

   64 instruccion: instruccion_condicional .

    $default  reduce using rule 64 (instruccion)


state 21

   65 instruccion: instruccion_bucle .

    $default  reduce using rule 65 (instruccion)


state 22

   66 instruccion: instruccion_de_salto .

    $default  reduce using rule 66 (instruccion)


state 23

   67 instruccion: instruccion_constructor .

    $default  reduce using rule 67 (instruccion)


state 24

   68 instruccion: instruccion_destructor .

    $default  reduce using rule 68 (instruccion)


state 25

    0 $accept: programa $end .

    $default  accept


state 26

    4 expresion_constante: CTC_CADENA .

    $default  reduce using rule 4 (expresion_constante)


state 27

    5 expresion_constante: CTC_CARACTER .

    $default  reduce using rule 5 (expresion_constante)


state 28

    2 expresion_constante: CTC_ENTERA .

    $default  reduce using rule 2 (expresion_constante)


state 29

    3 expresion_constante: CTC_REAL .

    $default  reduce using rule 3 (expresion_constante)


state 30

    6 nombre: IDENTIFICADOR .
   19 expresion_funcional: IDENTIFICADOR . '(' lista_expresiones ')'

    '('  shift, and go to state 66

    '('       [reduce using rule 6 (nombre)]
    $default  reduce using rule 6 (nombre)


state 31

   29 expresion_unaria: TAMANO . primario

    CTC_CADENA     shift, and go to state 26
    CTC_CARACTER   shift, and go to state 27
    CTC_ENTERA     shift, and go to state 28
    CTC_REAL       shift, and go to state 29
    IDENTIFICADOR  shift, and go to state 30
    REF            shift, and go to state 9
    '('            shift, and go to state 12
    '^'            shift, and go to state 13

    expresion_constante  go to state 35
    nombre               go to state 14
    expresion_basica     go to state 15
    expresion_indexada   go to state 36
    expresion_funcional  go to state 37
    primario             go to state 67


state 32

   26 expresion_unaria: '-' . primario

    CTC_CADENA     shift, and go to state 26
    CTC_CARACTER   shift, and go to state 27
    CTC_ENTERA     shift, and go to state 28
    CTC_REAL       shift, and go to state 29
    IDENTIFICADOR  shift, and go to state 30
    REF            shift, and go to state 9
    '('            shift, and go to state 12
    '^'            shift, and go to state 13

    expresion_constante  go to state 35
    nombre               go to state 14
    expresion_basica     go to state 15
    expresion_indexada   go to state 36
    expresion_funcional  go to state 37
    primario             go to state 68


state 33

   27 expresion_unaria: '!' . primario

    CTC_CADENA     shift, and go to state 26
    CTC_CARACTER   shift, and go to state 27
    CTC_ENTERA     shift, and go to state 28
    CTC_REAL       shift, and go to state 29
    IDENTIFICADOR  shift, and go to state 30
    REF            shift, and go to state 9
    '('            shift, and go to state 12
    '^'            shift, and go to state 13

    expresion_constante  go to state 35
    nombre               go to state 14
    expresion_basica     go to state 15
    expresion_indexada   go to state 36
    expresion_funcional  go to state 37
    primario             go to state 69


state 34

   28 expresion_unaria: '~' . primario

    CTC_CADENA     shift, and go to state 26
    CTC_CARACTER   shift, and go to state 27
    CTC_ENTERA     shift, and go to state 28
    CTC_REAL       shift, and go to state 29
    IDENTIFICADOR  shift, and go to state 30
    REF            shift, and go to state 9
    '('            shift, and go to state 12
    '^'            shift, and go to state 13

    expresion_constante  go to state 35
    nombre               go to state 14
    expresion_basica     go to state 15
    expresion_indexada   go to state 36
    expresion_funcional  go to state 37
    primario             go to state 70


state 35

   22 primario: expresion_constante .

    $default  reduce using rule 22 (primario)


state 36

   15 expresion_indexada: expresion_indexada . '?' expresion_basica
   16                   | expresion_indexada . '^' '?' expresion_basica
   17                   | expresion_indexada . indice
   18                   | expresion_indexada . '^' '?' indice
   23 primario: expresion_indexada .

    '^'  shift, and go to state 59
    '['  shift, and go to state 60
    '{'  shift, and go to state 61
    '?'  shift, and go to state 62

    '^'       [reduce using rule 23 (primario)]
    $default  reduce using rule 23 (primario)

    indice  go to state 63


state 37

   24 primario: expresion_funcional .

    $default  reduce using rule 24 (primario)


state 38

   25 expresion_unaria: primario .

    $default  reduce using rule 25 (expresion_unaria)


state 39

   30 expresion_potencia: expresion_unaria .
   31                   | expresion_unaria . POTENCIA expresion_potencia

    POTENCIA  shift, and go to state 71

    $default  reduce using rule 30 (expresion_potencia)


state 40

   35 expresion_mult: expresion_potencia .

    $default  reduce using rule 35 (expresion_mult)


state 41

   32 expresion_mult: expresion_mult . '*' expresion_potencia
   33               | expresion_mult . '/' expresion_potencia
   34               | expresion_mult . MOD expresion_potencia
   38 expresion_add: expresion_mult .

    MOD  shift, and go to state 72
    '*'  shift, and go to state 73
    '/'  shift, and go to state 74

    $default  reduce using rule 38 (expresion_add)


state 42

   36 expresion_add: expresion_add . '+' expresion_mult
   37              | expresion_add . '-' expresion_mult
   41 expresion_desplazamiento: expresion_add .

    '-'  shift, and go to state 75
    '+'  shift, and go to state 76

    $default  reduce using rule 41 (expresion_desplazamiento)


state 43

   39 expresion_desplazamiento: expresion_desplazamiento . FLECHA_IZDA expresion_add
   40                         | expresion_desplazamiento . FLECHA_DCHA expresion_add
   45 expresion_bits: expresion_desplazamiento .

    FLECHA_DCHA  shift, and go to state 77
    FLECHA_IZDA  shift, and go to state 78

    $default  reduce using rule 45 (expresion_bits)


state 44

   42 expresion_bits: expresion_bits . '&' expresion_desplazamiento
   43               | expresion_bits . '@' expresion_desplazamiento
   44               | expresion_bits . '|' expresion_desplazamiento
   46 expresion_relacional: expresion_bits . '<' expresion_bits
   47                     | expresion_bits . '>' expresion_bits
   48                     | expresion_bits . LE expresion_bits
   49                     | expresion_bits . GE expresion_bits
   50                     | expresion_bits . EQ expresion_bits
   51                     | expresion_bits . NEQ expresion_bits
   52                     | expresion_bits .

    EQ   shift, and go to state 79
    GE   shift, and go to state 80
    LE   shift, and go to state 81
    NEQ  shift, and go to state 82
    '&'  shift, and go to state 83
    '@'  shift, and go to state 84
    '|'  shift, and go to state 85
    '<'  shift, and go to state 86
    '>'  shift, and go to state 87

    $default  reduce using rule 52 (expresion_relacional)


state 45

   54 expresion_and: expresion_relacional .

    $default  reduce using rule 54 (expresion_and)


state 46

   53 expresion_and: expresion_and . AND expresion_relacional
   56 expresion_or: expresion_and .

    AND  shift, and go to state 88

    $default  reduce using rule 56 (expresion_or)


state 47

   55 expresion_or: expresion_or . OR expresion_and
   57 expresion_logica: expresion_or .

    OR  shift, and go to state 89

    $default  reduce using rule 57 (expresion_logica)


state 48

   58 expresion: expresion_logica .
   59          | expresion_logica . SI expresion SINO expresion
   60          | expresion_logica . PARA CADA IDENTIFICADOR EN expresion

    PARA  shift, and go to state 90
    SI    shift, and go to state 91

    SI        [reduce using rule 58 (expresion)]
    $default  reduce using rule 58 (expresion)


state 49

   75 instruccion_constructor: CONSTRUCTOR expresion .

    $default  reduce using rule 75 (instruccion_constructor)


state 50

   76 instruccion_destructor: DESTRUCTOR expresion .

    $default  reduce using rule 76 (instruccion_destructor)


state 51

   74 instruccion_de_salto: DEVOLVER expresion .

    $default  reduce using rule 74 (instruccion_de_salto)


state 52

   71 instruccion_bucle: MIENTRAS expresion . instruccion

    CONSTRUCTOR    shift, and go to state 3
    CONTINUAR      shift, and go to state 4
    DESTRUCTOR     shift, and go to state 5
    DEVOLVER       shift, and go to state 6
    IDENTIFICADOR  shift, and go to state 7
    MIENTRAS       shift, and go to state 8
    REF            shift, and go to state 9
    SALTAR         shift, and go to state 10
    SI             shift, and go to state 11
    '('            shift, and go to state 12
    '^'            shift, and go to state 13

    nombre                   go to state 14
    expresion_basica         go to state 15
    expresion_indexada       go to state 16
    instruccion              go to state 92
    asignacion               go to state 19
    instruccion_condicional  go to state 20
    instruccion_bucle        go to state 21
    instruccion_de_salto     go to state 22
    instruccion_constructor  go to state 23
    instruccion_destructor   go to state 24


state 53

   11 expresion_basica: REF expresion_basica .

    $default  reduce using rule 11 (expresion_basica)


state 54

   70 instruccion_condicional: SI expresion . instruccion SINO instruccion

    CONSTRUCTOR    shift, and go to state 3
    CONTINUAR      shift, and go to state 4
    DESTRUCTOR     shift, and go to state 5
    DEVOLVER       shift, and go to state 6
    IDENTIFICADOR  shift, and go to state 7
    MIENTRAS       shift, and go to state 8
    REF            shift, and go to state 9
    SALTAR         shift, and go to state 10
    SI             shift, and go to state 11
    '('            shift, and go to state 12
    '^'            shift, and go to state 13

    nombre                   go to state 14
    expresion_basica         go to state 15
    expresion_indexada       go to state 16
    instruccion              go to state 93
    asignacion               go to state 19
    instruccion_condicional  go to state 20
    instruccion_bucle        go to state 21
    instruccion_de_salto     go to state 22
    instruccion_constructor  go to state 23
    instruccion_destructor   go to state 24


state 55

    9 expresion_basica: '(' expresion . ')'

    ')'  shift, and go to state 94


state 56

   10 expresion_basica: '^' expresion_basica .

    $default  reduce using rule 10 (expresion_basica)


state 57

    7 nombre: nombre PTOS . IDENTIFICADOR

    IDENTIFICADOR  shift, and go to state 95


state 58

   69 asignacion: expresion_indexada ASIG . expresion

    CTC_CADENA     shift, and go to state 26
    CTC_CARACTER   shift, and go to state 27
    CTC_ENTERA     shift, and go to state 28
    CTC_REAL       shift, and go to state 29
    IDENTIFICADOR  shift, and go to state 30
    REF            shift, and go to state 9
    TAMANO         shift, and go to state 31
    '('            shift, and go to state 12
    '^'            shift, and go to state 13
    '-'            shift, and go to state 32
    '!'            shift, and go to state 33
    '~'            shift, and go to state 34

    expresion_constante       go to state 35
    nombre                    go to state 14
    expresion_basica          go to state 15
    expresion_indexada        go to state 36
    expresion_funcional       go to state 37
    primario                  go to state 38
    expresion_unaria          go to state 39
    expresion_potencia        go to state 40
    expresion_mult            go to state 41
    expresion_add             go to state 42
    expresion_desplazamiento  go to state 43
    expresion_bits            go to state 44
    expresion_relacional      go to state 45
    expresion_and             go to state 46
    expresion_or              go to state 47
    expresion_logica          go to state 48
    expresion                 go to state 96


state 59

   16 expresion_indexada: expresion_indexada '^' . '?' expresion_basica
   18                   | expresion_indexada '^' . '?' indice

    '?'  shift, and go to state 97


state 60

   12 indice: '[' . expresion ']'

    CTC_CADENA     shift, and go to state 26
    CTC_CARACTER   shift, and go to state 27
    CTC_ENTERA     shift, and go to state 28
    CTC_REAL       shift, and go to state 29
    IDENTIFICADOR  shift, and go to state 30
    REF            shift, and go to state 9
    TAMANO         shift, and go to state 31
    '('            shift, and go to state 12
    '^'            shift, and go to state 13
    '-'            shift, and go to state 32
    '!'            shift, and go to state 33
    '~'            shift, and go to state 34

    expresion_constante       go to state 35
    nombre                    go to state 14
    expresion_basica          go to state 15
    expresion_indexada        go to state 36
    expresion_funcional       go to state 37
    primario                  go to state 38
    expresion_unaria          go to state 39
    expresion_potencia        go to state 40
    expresion_mult            go to state 41
    expresion_add             go to state 42
    expresion_desplazamiento  go to state 43
    expresion_bits            go to state 44
    expresion_relacional      go to state 45
    expresion_and             go to state 46
    expresion_or              go to state 47
    expresion_logica          go to state 48
    expresion                 go to state 98


state 61

   13 indice: '{' . expresion '}'

    CTC_CADENA     shift, and go to state 26
    CTC_CARACTER   shift, and go to state 27
    CTC_ENTERA     shift, and go to state 28
    CTC_REAL       shift, and go to state 29
    IDENTIFICADOR  shift, and go to state 30
    REF            shift, and go to state 9
    TAMANO         shift, and go to state 31
    '('            shift, and go to state 12
    '^'            shift, and go to state 13
    '-'            shift, and go to state 32
    '!'            shift, and go to state 33
    '~'            shift, and go to state 34

    expresion_constante       go to state 35
    nombre                    go to state 14
    expresion_basica          go to state 15
    expresion_indexada        go to state 36
    expresion_funcional       go to state 37
    primario                  go to state 38
    expresion_unaria          go to state 39
    expresion_potencia        go to state 40
    expresion_mult            go to state 41
    expresion_add             go to state 42
    expresion_desplazamiento  go to state 43
    expresion_bits            go to state 44
    expresion_relacional      go to state 45
    expresion_and             go to state 46
    expresion_or              go to state 47
    expresion_logica          go to state 48
    expresion                 go to state 99


state 62

   15 expresion_indexada: expresion_indexada '?' . expresion_basica

    IDENTIFICADOR  shift, and go to state 7
    REF            shift, and go to state 9
    '('            shift, and go to state 12
    '^'            shift, and go to state 13

    nombre            go to state 14
    expresion_basica  go to state 100


state 63

   17 expresion_indexada: expresion_indexada indice .

    $default  reduce using rule 17 (expresion_indexada)


state 64

    1 programa: PRINCIPIO lista_instrucciones FIN .

    $default  reduce using rule 1 (programa)


state 65

   62 lista_instrucciones: lista_instrucciones instruccion .

    $default  reduce using rule 62 (lista_instrucciones)


state 66

   19 expresion_funcional: IDENTIFICADOR '(' . lista_expresiones ')'

    CTC_CADENA     shift, and go to state 26
    CTC_CARACTER   shift, and go to state 27
    CTC_ENTERA     shift, and go to state 28
    CTC_REAL       shift, and go to state 29
    IDENTIFICADOR  shift, and go to state 30
    REF            shift, and go to state 9
    TAMANO         shift, and go to state 31
    '('            shift, and go to state 12
    '^'            shift, and go to state 13
    '-'            shift, and go to state 32
    '!'            shift, and go to state 33
    '~'            shift, and go to state 34

    expresion_constante       go to state 35
    nombre                    go to state 14
    expresion_basica          go to state 15
    expresion_indexada        go to state 36
    expresion_funcional       go to state 37
    lista_expresiones         go to state 101
    primario                  go to state 38
    expresion_unaria          go to state 39
    expresion_potencia        go to state 40
    expresion_mult            go to state 41
    expresion_add             go to state 42
    expresion_desplazamiento  go to state 43
    expresion_bits            go to state 44
    expresion_relacional      go to state 45
    expresion_and             go to state 46
    expresion_or              go to state 47
    expresion_logica          go to state 48
    expresion                 go to state 102


state 67

   29 expresion_unaria: TAMANO primario .

    $default  reduce using rule 29 (expresion_unaria)


state 68

   26 expresion_unaria: '-' primario .

    $default  reduce using rule 26 (expresion_unaria)


state 69

   27 expresion_unaria: '!' primario .

    $default  reduce using rule 27 (expresion_unaria)


state 70

   28 expresion_unaria: '~' primario .

    $default  reduce using rule 28 (expresion_unaria)


state 71

   31 expresion_potencia: expresion_unaria POTENCIA . expresion_potencia

    CTC_CADENA     shift, and go to state 26
    CTC_CARACTER   shift, and go to state 27
    CTC_ENTERA     shift, and go to state 28
    CTC_REAL       shift, and go to state 29
    IDENTIFICADOR  shift, and go to state 30
    REF            shift, and go to state 9
    TAMANO         shift, and go to state 31
    '('            shift, and go to state 12
    '^'            shift, and go to state 13
    '-'            shift, and go to state 32
    '!'            shift, and go to state 33
    '~'            shift, and go to state 34

    expresion_constante  go to state 35
    nombre               go to state 14
    expresion_basica     go to state 15
    expresion_indexada   go to state 36
    expresion_funcional  go to state 37
    primario             go to state 38
    expresion_unaria     go to state 39
    expresion_potencia   go to state 103


state 72

   34 expresion_mult: expresion_mult MOD . expresion_potencia

    CTC_CADENA     shift, and go to state 26
    CTC_CARACTER   shift, and go to state 27
    CTC_ENTERA     shift, and go to state 28
    CTC_REAL       shift, and go to state 29
    IDENTIFICADOR  shift, and go to state 30
    REF            shift, and go to state 9
    TAMANO         shift, and go to state 31
    '('            shift, and go to state 12
    '^'            shift, and go to state 13
    '-'            shift, and go to state 32
    '!'            shift, and go to state 33
    '~'            shift, and go to state 34

    expresion_constante  go to state 35
    nombre               go to state 14
    expresion_basica     go to state 15
    expresion_indexada   go to state 36
    expresion_funcional  go to state 37
    primario             go to state 38
    expresion_unaria     go to state 39
    expresion_potencia   go to state 104


state 73

   32 expresion_mult: expresion_mult '*' . expresion_potencia

    CTC_CADENA     shift, and go to state 26
    CTC_CARACTER   shift, and go to state 27
    CTC_ENTERA     shift, and go to state 28
    CTC_REAL       shift, and go to state 29
    IDENTIFICADOR  shift, and go to state 30
    REF            shift, and go to state 9
    TAMANO         shift, and go to state 31
    '('            shift, and go to state 12
    '^'            shift, and go to state 13
    '-'            shift, and go to state 32
    '!'            shift, and go to state 33
    '~'            shift, and go to state 34

    expresion_constante  go to state 35
    nombre               go to state 14
    expresion_basica     go to state 15
    expresion_indexada   go to state 36
    expresion_funcional  go to state 37
    primario             go to state 38
    expresion_unaria     go to state 39
    expresion_potencia   go to state 105


state 74

   33 expresion_mult: expresion_mult '/' . expresion_potencia

    CTC_CADENA     shift, and go to state 26
    CTC_CARACTER   shift, and go to state 27
    CTC_ENTERA     shift, and go to state 28
    CTC_REAL       shift, and go to state 29
    IDENTIFICADOR  shift, and go to state 30
    REF            shift, and go to state 9
    TAMANO         shift, and go to state 31
    '('            shift, and go to state 12
    '^'            shift, and go to state 13
    '-'            shift, and go to state 32
    '!'            shift, and go to state 33
    '~'            shift, and go to state 34

    expresion_constante  go to state 35
    nombre               go to state 14
    expresion_basica     go to state 15
    expresion_indexada   go to state 36
    expresion_funcional  go to state 37
    primario             go to state 38
    expresion_unaria     go to state 39
    expresion_potencia   go to state 106


state 75

   37 expresion_add: expresion_add '-' . expresion_mult

    CTC_CADENA     shift, and go to state 26
    CTC_CARACTER   shift, and go to state 27
    CTC_ENTERA     shift, and go to state 28
    CTC_REAL       shift, and go to state 29
    IDENTIFICADOR  shift, and go to state 30
    REF            shift, and go to state 9
    TAMANO         shift, and go to state 31
    '('            shift, and go to state 12
    '^'            shift, and go to state 13
    '-'            shift, and go to state 32
    '!'            shift, and go to state 33
    '~'            shift, and go to state 34

    expresion_constante  go to state 35
    nombre               go to state 14
    expresion_basica     go to state 15
    expresion_indexada   go to state 36
    expresion_funcional  go to state 37
    primario             go to state 38
    expresion_unaria     go to state 39
    expresion_potencia   go to state 40
    expresion_mult       go to state 107


state 76

   36 expresion_add: expresion_add '+' . expresion_mult

    CTC_CADENA     shift, and go to state 26
    CTC_CARACTER   shift, and go to state 27
    CTC_ENTERA     shift, and go to state 28
    CTC_REAL       shift, and go to state 29
    IDENTIFICADOR  shift, and go to state 30
    REF            shift, and go to state 9
    TAMANO         shift, and go to state 31
    '('            shift, and go to state 12
    '^'            shift, and go to state 13
    '-'            shift, and go to state 32
    '!'            shift, and go to state 33
    '~'            shift, and go to state 34

    expresion_constante  go to state 35
    nombre               go to state 14
    expresion_basica     go to state 15
    expresion_indexada   go to state 36
    expresion_funcional  go to state 37
    primario             go to state 38
    expresion_unaria     go to state 39
    expresion_potencia   go to state 40
    expresion_mult       go to state 108


state 77

   40 expresion_desplazamiento: expresion_desplazamiento FLECHA_DCHA . expresion_add

    CTC_CADENA     shift, and go to state 26
    CTC_CARACTER   shift, and go to state 27
    CTC_ENTERA     shift, and go to state 28
    CTC_REAL       shift, and go to state 29
    IDENTIFICADOR  shift, and go to state 30
    REF            shift, and go to state 9
    TAMANO         shift, and go to state 31
    '('            shift, and go to state 12
    '^'            shift, and go to state 13
    '-'            shift, and go to state 32
    '!'            shift, and go to state 33
    '~'            shift, and go to state 34

    expresion_constante  go to state 35
    nombre               go to state 14
    expresion_basica     go to state 15
    expresion_indexada   go to state 36
    expresion_funcional  go to state 37
    primario             go to state 38
    expresion_unaria     go to state 39
    expresion_potencia   go to state 40
    expresion_mult       go to state 41
    expresion_add        go to state 109


state 78

   39 expresion_desplazamiento: expresion_desplazamiento FLECHA_IZDA . expresion_add

    CTC_CADENA     shift, and go to state 26
    CTC_CARACTER   shift, and go to state 27
    CTC_ENTERA     shift, and go to state 28
    CTC_REAL       shift, and go to state 29
    IDENTIFICADOR  shift, and go to state 30
    REF            shift, and go to state 9
    TAMANO         shift, and go to state 31
    '('            shift, and go to state 12
    '^'            shift, and go to state 13
    '-'            shift, and go to state 32
    '!'            shift, and go to state 33
    '~'            shift, and go to state 34

    expresion_constante  go to state 35
    nombre               go to state 14
    expresion_basica     go to state 15
    expresion_indexada   go to state 36
    expresion_funcional  go to state 37
    primario             go to state 38
    expresion_unaria     go to state 39
    expresion_potencia   go to state 40
    expresion_mult       go to state 41
    expresion_add        go to state 110


state 79

   50 expresion_relacional: expresion_bits EQ . expresion_bits

    CTC_CADENA     shift, and go to state 26
    CTC_CARACTER   shift, and go to state 27
    CTC_ENTERA     shift, and go to state 28
    CTC_REAL       shift, and go to state 29
    IDENTIFICADOR  shift, and go to state 30
    REF            shift, and go to state 9
    TAMANO         shift, and go to state 31
    '('            shift, and go to state 12
    '^'            shift, and go to state 13
    '-'            shift, and go to state 32
    '!'            shift, and go to state 33
    '~'            shift, and go to state 34

    expresion_constante       go to state 35
    nombre                    go to state 14
    expresion_basica          go to state 15
    expresion_indexada        go to state 36
    expresion_funcional       go to state 37
    primario                  go to state 38
    expresion_unaria          go to state 39
    expresion_potencia        go to state 40
    expresion_mult            go to state 41
    expresion_add             go to state 42
    expresion_desplazamiento  go to state 43
    expresion_bits            go to state 111


state 80

   49 expresion_relacional: expresion_bits GE . expresion_bits

    CTC_CADENA     shift, and go to state 26
    CTC_CARACTER   shift, and go to state 27
    CTC_ENTERA     shift, and go to state 28
    CTC_REAL       shift, and go to state 29
    IDENTIFICADOR  shift, and go to state 30
    REF            shift, and go to state 9
    TAMANO         shift, and go to state 31
    '('            shift, and go to state 12
    '^'            shift, and go to state 13
    '-'            shift, and go to state 32
    '!'            shift, and go to state 33
    '~'            shift, and go to state 34

    expresion_constante       go to state 35
    nombre                    go to state 14
    expresion_basica          go to state 15
    expresion_indexada        go to state 36
    expresion_funcional       go to state 37
    primario                  go to state 38
    expresion_unaria          go to state 39
    expresion_potencia        go to state 40
    expresion_mult            go to state 41
    expresion_add             go to state 42
    expresion_desplazamiento  go to state 43
    expresion_bits            go to state 112


state 81

   48 expresion_relacional: expresion_bits LE . expresion_bits

    CTC_CADENA     shift, and go to state 26
    CTC_CARACTER   shift, and go to state 27
    CTC_ENTERA     shift, and go to state 28
    CTC_REAL       shift, and go to state 29
    IDENTIFICADOR  shift, and go to state 30
    REF            shift, and go to state 9
    TAMANO         shift, and go to state 31
    '('            shift, and go to state 12
    '^'            shift, and go to state 13
    '-'            shift, and go to state 32
    '!'            shift, and go to state 33
    '~'            shift, and go to state 34

    expresion_constante       go to state 35
    nombre                    go to state 14
    expresion_basica          go to state 15
    expresion_indexada        go to state 36
    expresion_funcional       go to state 37
    primario                  go to state 38
    expresion_unaria          go to state 39
    expresion_potencia        go to state 40
    expresion_mult            go to state 41
    expresion_add             go to state 42
    expresion_desplazamiento  go to state 43
    expresion_bits            go to state 113


state 82

   51 expresion_relacional: expresion_bits NEQ . expresion_bits

    CTC_CADENA     shift, and go to state 26
    CTC_CARACTER   shift, and go to state 27
    CTC_ENTERA     shift, and go to state 28
    CTC_REAL       shift, and go to state 29
    IDENTIFICADOR  shift, and go to state 30
    REF            shift, and go to state 9
    TAMANO         shift, and go to state 31
    '('            shift, and go to state 12
    '^'            shift, and go to state 13
    '-'            shift, and go to state 32
    '!'            shift, and go to state 33
    '~'            shift, and go to state 34

    expresion_constante       go to state 35
    nombre                    go to state 14
    expresion_basica          go to state 15
    expresion_indexada        go to state 36
    expresion_funcional       go to state 37
    primario                  go to state 38
    expresion_unaria          go to state 39
    expresion_potencia        go to state 40
    expresion_mult            go to state 41
    expresion_add             go to state 42
    expresion_desplazamiento  go to state 43
    expresion_bits            go to state 114


state 83

   42 expresion_bits: expresion_bits '&' . expresion_desplazamiento

    CTC_CADENA     shift, and go to state 26
    CTC_CARACTER   shift, and go to state 27
    CTC_ENTERA     shift, and go to state 28
    CTC_REAL       shift, and go to state 29
    IDENTIFICADOR  shift, and go to state 30
    REF            shift, and go to state 9
    TAMANO         shift, and go to state 31
    '('            shift, and go to state 12
    '^'            shift, and go to state 13
    '-'            shift, and go to state 32
    '!'            shift, and go to state 33
    '~'            shift, and go to state 34

    expresion_constante       go to state 35
    nombre                    go to state 14
    expresion_basica          go to state 15
    expresion_indexada        go to state 36
    expresion_funcional       go to state 37
    primario                  go to state 38
    expresion_unaria          go to state 39
    expresion_potencia        go to state 40
    expresion_mult            go to state 41
    expresion_add             go to state 42
    expresion_desplazamiento  go to state 115


state 84

   43 expresion_bits: expresion_bits '@' . expresion_desplazamiento

    CTC_CADENA     shift, and go to state 26
    CTC_CARACTER   shift, and go to state 27
    CTC_ENTERA     shift, and go to state 28
    CTC_REAL       shift, and go to state 29
    IDENTIFICADOR  shift, and go to state 30
    REF            shift, and go to state 9
    TAMANO         shift, and go to state 31
    '('            shift, and go to state 12
    '^'            shift, and go to state 13
    '-'            shift, and go to state 32
    '!'            shift, and go to state 33
    '~'            shift, and go to state 34

    expresion_constante       go to state 35
    nombre                    go to state 14
    expresion_basica          go to state 15
    expresion_indexada        go to state 36
    expresion_funcional       go to state 37
    primario                  go to state 38
    expresion_unaria          go to state 39
    expresion_potencia        go to state 40
    expresion_mult            go to state 41
    expresion_add             go to state 42
    expresion_desplazamiento  go to state 116


state 85

   44 expresion_bits: expresion_bits '|' . expresion_desplazamiento

    CTC_CADENA     shift, and go to state 26
    CTC_CARACTER   shift, and go to state 27
    CTC_ENTERA     shift, and go to state 28
    CTC_REAL       shift, and go to state 29
    IDENTIFICADOR  shift, and go to state 30
    REF            shift, and go to state 9
    TAMANO         shift, and go to state 31
    '('            shift, and go to state 12
    '^'            shift, and go to state 13
    '-'            shift, and go to state 32
    '!'            shift, and go to state 33
    '~'            shift, and go to state 34

    expresion_constante       go to state 35
    nombre                    go to state 14
    expresion_basica          go to state 15
    expresion_indexada        go to state 36
    expresion_funcional       go to state 37
    primario                  go to state 38
    expresion_unaria          go to state 39
    expresion_potencia        go to state 40
    expresion_mult            go to state 41
    expresion_add             go to state 42
    expresion_desplazamiento  go to state 117


state 86

   46 expresion_relacional: expresion_bits '<' . expresion_bits

    CTC_CADENA     shift, and go to state 26
    CTC_CARACTER   shift, and go to state 27
    CTC_ENTERA     shift, and go to state 28
    CTC_REAL       shift, and go to state 29
    IDENTIFICADOR  shift, and go to state 30
    REF            shift, and go to state 9
    TAMANO         shift, and go to state 31
    '('            shift, and go to state 12
    '^'            shift, and go to state 13
    '-'            shift, and go to state 32
    '!'            shift, and go to state 33
    '~'            shift, and go to state 34

    expresion_constante       go to state 35
    nombre                    go to state 14
    expresion_basica          go to state 15
    expresion_indexada        go to state 36
    expresion_funcional       go to state 37
    primario                  go to state 38
    expresion_unaria          go to state 39
    expresion_potencia        go to state 40
    expresion_mult            go to state 41
    expresion_add             go to state 42
    expresion_desplazamiento  go to state 43
    expresion_bits            go to state 118


state 87

   47 expresion_relacional: expresion_bits '>' . expresion_bits

    CTC_CADENA     shift, and go to state 26
    CTC_CARACTER   shift, and go to state 27
    CTC_ENTERA     shift, and go to state 28
    CTC_REAL       shift, and go to state 29
    IDENTIFICADOR  shift, and go to state 30
    REF            shift, and go to state 9
    TAMANO         shift, and go to state 31
    '('            shift, and go to state 12
    '^'            shift, and go to state 13
    '-'            shift, and go to state 32
    '!'            shift, and go to state 33
    '~'            shift, and go to state 34

    expresion_constante       go to state 35
    nombre                    go to state 14
    expresion_basica          go to state 15
    expresion_indexada        go to state 36
    expresion_funcional       go to state 37
    primario                  go to state 38
    expresion_unaria          go to state 39
    expresion_potencia        go to state 40
    expresion_mult            go to state 41
    expresion_add             go to state 42
    expresion_desplazamiento  go to state 43
    expresion_bits            go to state 119


state 88

   53 expresion_and: expresion_and AND . expresion_relacional

    CTC_CADENA     shift, and go to state 26
    CTC_CARACTER   shift, and go to state 27
    CTC_ENTERA     shift, and go to state 28
    CTC_REAL       shift, and go to state 29
    IDENTIFICADOR  shift, and go to state 30
    REF            shift, and go to state 9
    TAMANO         shift, and go to state 31
    '('            shift, and go to state 12
    '^'            shift, and go to state 13
    '-'            shift, and go to state 32
    '!'            shift, and go to state 33
    '~'            shift, and go to state 34

    expresion_constante       go to state 35
    nombre                    go to state 14
    expresion_basica          go to state 15
    expresion_indexada        go to state 36
    expresion_funcional       go to state 37
    primario                  go to state 38
    expresion_unaria          go to state 39
    expresion_potencia        go to state 40
    expresion_mult            go to state 41
    expresion_add             go to state 42
    expresion_desplazamiento  go to state 43
    expresion_bits            go to state 44
    expresion_relacional      go to state 120


state 89

   55 expresion_or: expresion_or OR . expresion_and

    CTC_CADENA     shift, and go to state 26
    CTC_CARACTER   shift, and go to state 27
    CTC_ENTERA     shift, and go to state 28
    CTC_REAL       shift, and go to state 29
    IDENTIFICADOR  shift, and go to state 30
    REF            shift, and go to state 9
    TAMANO         shift, and go to state 31
    '('            shift, and go to state 12
    '^'            shift, and go to state 13
    '-'            shift, and go to state 32
    '!'            shift, and go to state 33
    '~'            shift, and go to state 34

    expresion_constante       go to state 35
    nombre                    go to state 14
    expresion_basica          go to state 15
    expresion_indexada        go to state 36
    expresion_funcional       go to state 37
    primario                  go to state 38
    expresion_unaria          go to state 39
    expresion_potencia        go to state 40
    expresion_mult            go to state 41
    expresion_add             go to state 42
    expresion_desplazamiento  go to state 43
    expresion_bits            go to state 44
    expresion_relacional      go to state 45
    expresion_and             go to state 121


state 90

   60 expresion: expresion_logica PARA . CADA IDENTIFICADOR EN expresion

    CADA  shift, and go to state 122


state 91

   59 expresion: expresion_logica SI . expresion SINO expresion

    CTC_CADENA     shift, and go to state 26
    CTC_CARACTER   shift, and go to state 27
    CTC_ENTERA     shift, and go to state 28
    CTC_REAL       shift, and go to state 29
    IDENTIFICADOR  shift, and go to state 30
    REF            shift, and go to state 9
    TAMANO         shift, and go to state 31
    '('            shift, and go to state 12
    '^'            shift, and go to state 13
    '-'            shift, and go to state 32
    '!'            shift, and go to state 33
    '~'            shift, and go to state 34

    expresion_constante       go to state 35
    nombre                    go to state 14
    expresion_basica          go to state 15
    expresion_indexada        go to state 36
    expresion_funcional       go to state 37
    primario                  go to state 38
    expresion_unaria          go to state 39
    expresion_potencia        go to state 40
    expresion_mult            go to state 41
    expresion_add             go to state 42
    expresion_desplazamiento  go to state 43
    expresion_bits            go to state 44
    expresion_relacional      go to state 45
    expresion_and             go to state 46
    expresion_or              go to state 47
    expresion_logica          go to state 48
    expresion                 go to state 123


state 92

   71 instruccion_bucle: MIENTRAS expresion instruccion .

    $default  reduce using rule 71 (instruccion_bucle)


state 93

   70 instruccion_condicional: SI expresion instruccion . SINO instruccion

    SINO  shift, and go to state 124


state 94

    9 expresion_basica: '(' expresion ')' .

    $default  reduce using rule 9 (expresion_basica)


state 95

    7 nombre: nombre PTOS IDENTIFICADOR .

    $default  reduce using rule 7 (nombre)


state 96

   69 asignacion: expresion_indexada ASIG expresion .

    $default  reduce using rule 69 (asignacion)


state 97

   16 expresion_indexada: expresion_indexada '^' '?' . expresion_basica
   18                   | expresion_indexada '^' '?' . indice

    IDENTIFICADOR  shift, and go to state 7
    REF            shift, and go to state 9
    '('            shift, and go to state 12
    '^'            shift, and go to state 13
    '['            shift, and go to state 60
    '{'            shift, and go to state 61

    nombre            go to state 14
    expresion_basica  go to state 125
    indice            go to state 126


state 98

   12 indice: '[' expresion . ']'

    ']'  shift, and go to state 127


state 99

   13 indice: '{' expresion . '}'

    '}'  shift, and go to state 128


state 100

   15 expresion_indexada: expresion_indexada '?' expresion_basica .

    $default  reduce using rule 15 (expresion_indexada)


state 101

   19 expresion_funcional: IDENTIFICADOR '(' lista_expresiones . ')'
   21 lista_expresiones: lista_expresiones . ';' expresion

    ')'  shift, and go to state 129
    ';'  shift, and go to state 130


state 102

   20 lista_expresiones: expresion .

    $default  reduce using rule 20 (lista_expresiones)


state 103

   31 expresion_potencia: expresion_unaria POTENCIA expresion_potencia .

    $default  reduce using rule 31 (expresion_potencia)


state 104

   34 expresion_mult: expresion_mult MOD expresion_potencia .

    $default  reduce using rule 34 (expresion_mult)


state 105

   32 expresion_mult: expresion_mult '*' expresion_potencia .

    $default  reduce using rule 32 (expresion_mult)


state 106

   33 expresion_mult: expresion_mult '/' expresion_potencia .

    $default  reduce using rule 33 (expresion_mult)


state 107

   32 expresion_mult: expresion_mult . '*' expresion_potencia
   33               | expresion_mult . '/' expresion_potencia
   34               | expresion_mult . MOD expresion_potencia
   37 expresion_add: expresion_add '-' expresion_mult .

    MOD  shift, and go to state 72
    '*'  shift, and go to state 73
    '/'  shift, and go to state 74

    $default  reduce using rule 37 (expresion_add)


state 108

   32 expresion_mult: expresion_mult . '*' expresion_potencia
   33               | expresion_mult . '/' expresion_potencia
   34               | expresion_mult . MOD expresion_potencia
   36 expresion_add: expresion_add '+' expresion_mult .

    MOD  shift, and go to state 72
    '*'  shift, and go to state 73
    '/'  shift, and go to state 74

    $default  reduce using rule 36 (expresion_add)


state 109

   36 expresion_add: expresion_add . '+' expresion_mult
   37              | expresion_add . '-' expresion_mult
   40 expresion_desplazamiento: expresion_desplazamiento FLECHA_DCHA expresion_add .

    '-'  shift, and go to state 75
    '+'  shift, and go to state 76

    $default  reduce using rule 40 (expresion_desplazamiento)


state 110

   36 expresion_add: expresion_add . '+' expresion_mult
   37              | expresion_add . '-' expresion_mult
   39 expresion_desplazamiento: expresion_desplazamiento FLECHA_IZDA expresion_add .

    '-'  shift, and go to state 75
    '+'  shift, and go to state 76

    $default  reduce using rule 39 (expresion_desplazamiento)


state 111

   42 expresion_bits: expresion_bits . '&' expresion_desplazamiento
   43               | expresion_bits . '@' expresion_desplazamiento
   44               | expresion_bits . '|' expresion_desplazamiento
   50 expresion_relacional: expresion_bits EQ expresion_bits .

    '&'  shift, and go to state 83
    '@'  shift, and go to state 84
    '|'  shift, and go to state 85

    $default  reduce using rule 50 (expresion_relacional)


state 112

   42 expresion_bits: expresion_bits . '&' expresion_desplazamiento
   43               | expresion_bits . '@' expresion_desplazamiento
   44               | expresion_bits . '|' expresion_desplazamiento
   49 expresion_relacional: expresion_bits GE expresion_bits .

    '&'  shift, and go to state 83
    '@'  shift, and go to state 84
    '|'  shift, and go to state 85

    $default  reduce using rule 49 (expresion_relacional)


state 113

   42 expresion_bits: expresion_bits . '&' expresion_desplazamiento
   43               | expresion_bits . '@' expresion_desplazamiento
   44               | expresion_bits . '|' expresion_desplazamiento
   48 expresion_relacional: expresion_bits LE expresion_bits .

    '&'  shift, and go to state 83
    '@'  shift, and go to state 84
    '|'  shift, and go to state 85

    $default  reduce using rule 48 (expresion_relacional)


state 114

   42 expresion_bits: expresion_bits . '&' expresion_desplazamiento
   43               | expresion_bits . '@' expresion_desplazamiento
   44               | expresion_bits . '|' expresion_desplazamiento
   51 expresion_relacional: expresion_bits NEQ expresion_bits .

    '&'  shift, and go to state 83
    '@'  shift, and go to state 84
    '|'  shift, and go to state 85

    $default  reduce using rule 51 (expresion_relacional)


state 115

   39 expresion_desplazamiento: expresion_desplazamiento . FLECHA_IZDA expresion_add
   40                         | expresion_desplazamiento . FLECHA_DCHA expresion_add
   42 expresion_bits: expresion_bits '&' expresion_desplazamiento .

    FLECHA_DCHA  shift, and go to state 77
    FLECHA_IZDA  shift, and go to state 78

    $default  reduce using rule 42 (expresion_bits)


state 116

   39 expresion_desplazamiento: expresion_desplazamiento . FLECHA_IZDA expresion_add
   40                         | expresion_desplazamiento . FLECHA_DCHA expresion_add
   43 expresion_bits: expresion_bits '@' expresion_desplazamiento .

    FLECHA_DCHA  shift, and go to state 77
    FLECHA_IZDA  shift, and go to state 78

    $default  reduce using rule 43 (expresion_bits)


state 117

   39 expresion_desplazamiento: expresion_desplazamiento . FLECHA_IZDA expresion_add
   40                         | expresion_desplazamiento . FLECHA_DCHA expresion_add
   44 expresion_bits: expresion_bits '|' expresion_desplazamiento .

    FLECHA_DCHA  shift, and go to state 77
    FLECHA_IZDA  shift, and go to state 78

    $default  reduce using rule 44 (expresion_bits)


state 118

   42 expresion_bits: expresion_bits . '&' expresion_desplazamiento
   43               | expresion_bits . '@' expresion_desplazamiento
   44               | expresion_bits . '|' expresion_desplazamiento
   46 expresion_relacional: expresion_bits '<' expresion_bits .

    '&'  shift, and go to state 83
    '@'  shift, and go to state 84
    '|'  shift, and go to state 85

    $default  reduce using rule 46 (expresion_relacional)


state 119

   42 expresion_bits: expresion_bits . '&' expresion_desplazamiento
   43               | expresion_bits . '@' expresion_desplazamiento
   44               | expresion_bits . '|' expresion_desplazamiento
   47 expresion_relacional: expresion_bits '>' expresion_bits .

    '&'  shift, and go to state 83
    '@'  shift, and go to state 84
    '|'  shift, and go to state 85

    $default  reduce using rule 47 (expresion_relacional)


state 120

   53 expresion_and: expresion_and AND expresion_relacional .

    $default  reduce using rule 53 (expresion_and)


state 121

   53 expresion_and: expresion_and . AND expresion_relacional
   55 expresion_or: expresion_or OR expresion_and .

    AND  shift, and go to state 88

    $default  reduce using rule 55 (expresion_or)


state 122

   60 expresion: expresion_logica PARA CADA . IDENTIFICADOR EN expresion

    IDENTIFICADOR  shift, and go to state 131


state 123

   59 expresion: expresion_logica SI expresion . SINO expresion

    SINO  shift, and go to state 132


state 124

   70 instruccion_condicional: SI expresion instruccion SINO . instruccion

    CONSTRUCTOR    shift, and go to state 3
    CONTINUAR      shift, and go to state 4
    DESTRUCTOR     shift, and go to state 5
    DEVOLVER       shift, and go to state 6
    IDENTIFICADOR  shift, and go to state 7
    MIENTRAS       shift, and go to state 8
    REF            shift, and go to state 9
    SALTAR         shift, and go to state 10
    SI             shift, and go to state 11
    '('            shift, and go to state 12
    '^'            shift, and go to state 13

    nombre                   go to state 14
    expresion_basica         go to state 15
    expresion_indexada       go to state 16
    instruccion              go to state 133
    asignacion               go to state 19
    instruccion_condicional  go to state 20
    instruccion_bucle        go to state 21
    instruccion_de_salto     go to state 22
    instruccion_constructor  go to state 23
    instruccion_destructor   go to state 24


state 125

   16 expresion_indexada: expresion_indexada '^' '?' expresion_basica .

    $default  reduce using rule 16 (expresion_indexada)


state 126

   18 expresion_indexada: expresion_indexada '^' '?' indice .

    $default  reduce using rule 18 (expresion_indexada)


state 127

   12 indice: '[' expresion ']' .

    $default  reduce using rule 12 (indice)


state 128

   13 indice: '{' expresion '}' .

    $default  reduce using rule 13 (indice)


state 129

   19 expresion_funcional: IDENTIFICADOR '(' lista_expresiones ')' .

    $default  reduce using rule 19 (expresion_funcional)


state 130

   21 lista_expresiones: lista_expresiones ';' . expresion

    CTC_CADENA     shift, and go to state 26
    CTC_CARACTER   shift, and go to state 27
    CTC_ENTERA     shift, and go to state 28
    CTC_REAL       shift, and go to state 29
    IDENTIFICADOR  shift, and go to state 30
    REF            shift, and go to state 9
    TAMANO         shift, and go to state 31
    '('            shift, and go to state 12
    '^'            shift, and go to state 13
    '-'            shift, and go to state 32
    '!'            shift, and go to state 33
    '~'            shift, and go to state 34

    expresion_constante       go to state 35
    nombre                    go to state 14
    expresion_basica          go to state 15
    expresion_indexada        go to state 36
    expresion_funcional       go to state 37
    primario                  go to state 38
    expresion_unaria          go to state 39
    expresion_potencia        go to state 40
    expresion_mult            go to state 41
    expresion_add             go to state 42
    expresion_desplazamiento  go to state 43
    expresion_bits            go to state 44
    expresion_relacional      go to state 45
    expresion_and             go to state 46
    expresion_or              go to state 47
    expresion_logica          go to state 48
    expresion                 go to state 134


state 131

   60 expresion: expresion_logica PARA CADA IDENTIFICADOR . EN expresion

    EN  shift, and go to state 135


state 132

   59 expresion: expresion_logica SI expresion SINO . expresion

    CTC_CADENA     shift, and go to state 26
    CTC_CARACTER   shift, and go to state 27
    CTC_ENTERA     shift, and go to state 28
    CTC_REAL       shift, and go to state 29
    IDENTIFICADOR  shift, and go to state 30
    REF            shift, and go to state 9
    TAMANO         shift, and go to state 31
    '('            shift, and go to state 12
    '^'            shift, and go to state 13
    '-'            shift, and go to state 32
    '!'            shift, and go to state 33
    '~'            shift, and go to state 34

    expresion_constante       go to state 35
    nombre                    go to state 14
    expresion_basica          go to state 15
    expresion_indexada        go to state 36
    expresion_funcional       go to state 37
    primario                  go to state 38
    expresion_unaria          go to state 39
    expresion_potencia        go to state 40
    expresion_mult            go to state 41
    expresion_add             go to state 42
    expresion_desplazamiento  go to state 43
    expresion_bits            go to state 44
    expresion_relacional      go to state 45
    expresion_and             go to state 46
    expresion_or              go to state 47
    expresion_logica          go to state 48
    expresion                 go to state 136


state 133

   70 instruccion_condicional: SI expresion instruccion SINO instruccion .

    $default  reduce using rule 70 (instruccion_condicional)


state 134

   21 lista_expresiones: lista_expresiones ';' expresion .

    $default  reduce using rule 21 (lista_expresiones)


state 135

   60 expresion: expresion_logica PARA CADA IDENTIFICADOR EN . expresion

    CTC_CADENA     shift, and go to state 26
    CTC_CARACTER   shift, and go to state 27
    CTC_ENTERA     shift, and go to state 28
    CTC_REAL       shift, and go to state 29
    IDENTIFICADOR  shift, and go to state 30
    REF            shift, and go to state 9
    TAMANO         shift, and go to state 31
    '('            shift, and go to state 12
    '^'            shift, and go to state 13
    '-'            shift, and go to state 32
    '!'            shift, and go to state 33
    '~'            shift, and go to state 34

    expresion_constante       go to state 35
    nombre                    go to state 14
    expresion_basica          go to state 15
    expresion_indexada        go to state 36
    expresion_funcional       go to state 37
    primario                  go to state 38
    expresion_unaria          go to state 39
    expresion_potencia        go to state 40
    expresion_mult            go to state 41
    expresion_add             go to state 42
    expresion_desplazamiento  go to state 43
    expresion_bits            go to state 44
    expresion_relacional      go to state 45
    expresion_and             go to state 46
    expresion_or              go to state 47
    expresion_logica          go to state 48
    expresion                 go to state 137


state 136

   59 expresion: expresion_logica SI expresion SINO expresion .

    $default  reduce using rule 59 (expresion)


state 137

   60 expresion: expresion_logica PARA CADA IDENTIFICADOR EN expresion .

    $default  reduce using rule 60 (expresion)
